<?xml version="1.0" encoding="UTF-8"?>
<!-- Generated by org.testng.reporters.JUnitReportReporter -->
<testsuite hostname="ATMECSINLT-836" failures="0" tests="1" name="cucumberOptions.testNGRunner" time="4.019" errors="1" timestamp="2024-10-21T17:00:06 IST" skipped="0">
  <testcase classname="cucumberOptions.testNGRunner" name="runScenario" time="4.019">
    <error message="element not interactable
  (Session info: chrome=130.0.6723.59)
Build info: version: &#039;4.11.0&#039;, revision: &#039;040bc5406b&#039;
System info: os.name: &#039;Windows 10&#039;, os.arch: &#039;amd64&#039;, os.version: &#039;10.0&#039;, java.version: &#039;21.0.4&#039;
Driver info: org.openqa.selenium.chrome.ChromeDriver
Command: [54d85249f9a81151b7274f83cd647120, clickElement {id=f.BCA898D581E3EB3F48D747ECB46774E2.d.AD09729F927D6E705D031D74A2B60DF8.e.43}]
Capabilities {acceptInsecureCerts: false, browserName: chrome, browserVersion: 130.0.6723.59, chrome: {chromedriverVersion: 130.0.6723.6 (6f66c7a8f598b..., userDataDir: C:\Users\PRASHA~1.LIN\AppDa...}, fedcm:accounts: true, goog:chromeOptions: {debuggerAddress: localhost:53975}, networkConnectionEnabled: false, pageLoadStrategy: normal, platformName: windows, proxy: Proxy(), se:cdp: ws://localhost:53975/devtoo..., se:cdpVersion: 130.0.6723.59, setWindowRect: true, strictFileInteractability: false, timeouts: {implicit: 0, pageLoad: 300000, script: 30000}, unhandledPromptBehavior: dismiss and notify, webauthn:extension:credBlob: true, webauthn:extension:largeBlob: true, webauthn:extension:minPinLength: true, webauthn:extension:prf: true, webauthn:virtualAuthenticators: true}
Element: [[ChromeDriver: chrome on windows (54d85249f9a81151b7274f83cd647120)] -&gt; xpath: (//span[@class=&#039;VfPpkd-vQzf8d&#039;])[1]]
Session ID: 54d85249f9a81151b7274f83cd647120" type="org.openqa.selenium.ElementNotInteractableException">
      <![CDATA[org.openqa.selenium.ElementNotInteractableException: element not interactable
  (Session info: chrome=130.0.6723.59)
Build info: version: '4.11.0', revision: '040bc5406b'
System info: os.name: 'Windows 10', os.arch: 'amd64', os.version: '10.0', java.version: '21.0.4'
Driver info: org.openqa.selenium.chrome.ChromeDriver
Command: [54d85249f9a81151b7274f83cd647120, clickElement {id=f.BCA898D581E3EB3F48D747ECB46774E2.d.AD09729F927D6E705D031D74A2B60DF8.e.43}]
Capabilities {acceptInsecureCerts: false, browserName: chrome, browserVersion: 130.0.6723.59, chrome: {chromedriverVersion: 130.0.6723.6 (6f66c7a8f598b..., userDataDir: C:\Users\PRASHA~1.LIN\AppDa...}, fedcm:accounts: true, goog:chromeOptions: {debuggerAddress: localhost:53975}, networkConnectionEnabled: false, pageLoadStrategy: normal, platformName: windows, proxy: Proxy(), se:cdp: ws://localhost:53975/devtoo..., se:cdpVersion: 130.0.6723.59, setWindowRect: true, strictFileInteractability: false, timeouts: {implicit: 0, pageLoad: 300000, script: 30000}, unhandledPromptBehavior: dismiss and notify, webauthn:extension:credBlob: true, webauthn:extension:largeBlob: true, webauthn:extension:minPinLength: true, webauthn:extension:prf: true, webauthn:virtualAuthenticators: true}
Element: [[ChromeDriver: chrome on windows (54d85249f9a81151b7274f83cd647120)] -> xpath: (//span[@class='VfPpkd-vQzf8d'])[1]]
Session ID: 54d85249f9a81151b7274f83cd647120
at java.base/jdk.internal.reflect.DirectConstructorHandleAccessor.newInstance(DirectConstructorHandleAccessor.java:62)
at java.base/java.lang.reflect.Constructor.newInstanceWithCaller(Constructor.java:502)
at java.base/java.lang.reflect.Constructor.newInstance(Constructor.java:486)
at org.openqa.selenium.remote.codec.w3c.W3CHttpResponseCodec.createException(W3CHttpResponseCodec.java:200)
at org.openqa.selenium.remote.codec.w3c.W3CHttpResponseCodec.decode(W3CHttpResponseCodec.java:133)
at org.openqa.selenium.remote.codec.w3c.W3CHttpResponseCodec.decode(W3CHttpResponseCodec.java:52)
at org.openqa.selenium.remote.HttpCommandExecutor.execute(HttpCommandExecutor.java:191)
at org.openqa.selenium.remote.service.DriverCommandExecutor.invokeExecute(DriverCommandExecutor.java:196)
at org.openqa.selenium.remote.service.DriverCommandExecutor.execute(DriverCommandExecutor.java:171)
at org.openqa.selenium.remote.RemoteWebDriver.execute(RemoteWebDriver.java:518)
at org.openqa.selenium.remote.RemoteWebElement.execute(RemoteWebElement.java:224)
at org.openqa.selenium.remote.RemoteWebElement.click(RemoteWebElement.java:77)
at stepDefinitions.GmailLoginSteps.i_enter_the_password_and_click_next_with(GmailLoginSteps.java:54)
at âœ½.I enter the password and click next with Prashanthgoud3007@(file:///C:/Users/prashanth.lingala/eclipse-workspace/ATMECS/src/test/java/features/loginPage.feature:15)
]]>
    </error>
  </testcase> <!-- runScenario -->
</testsuite> <!-- cucumberOptions.testNGRunner -->
